{
  "stats": {
    "suites": 7,
    "tests": 54,
    "passes": 40,
    "pending": 0,
    "failures": 14,
    "start": "2019-04-15T04:42:52.789Z",
    "end": "2019-04-15T04:43:13.191Z",
    "duration": 20402,
    "testsRegistered": 54,
    "passPercent": 74.1,
    "pendingPercent": 0,
    "other": 0,
    "hasOther": false,
    "skipped": 0,
    "hasSkipped": false,
    "passPercentClass": "warning",
    "pendingPercentClass": "danger"
  },
  "suites": {
    "uuid": "222dd081-d99c-43fa-b186-a77b7056e27c",
    "title": "",
    "fullFile": "",
    "file": "",
    "beforeHooks": [],
    "afterHooks": [],
    "tests": [],
    "suites": [
      {
        "uuid": "8861e213-238a-42ff-9146-1b5c0bd6348b",
        "title": "payment_method",
        "fullFile": "D:\\study\\mocha\\airwallex\\test\\saveBank.test.js",
        "file": "\\test\\saveBank.test.js",
        "beforeHooks": [],
        "afterHooks": [],
        "tests": [
          {
            "title": "TC001 - 001 - payment_method - mandatory, value should be either LOCAL or SWIFT - LOCAL - 200",
            "fullTitle": "payment_method TC001 - 001 - payment_method - mandatory, value should be either LOCAL or SWIFT - LOCAL - 200",
            "timedOut": false,
            "duration": 426,
            "state": "passed",
            "speed": "slow",
            "pass": true,
            "fail": false,
            "pending": false,
            "code": "var postBody = {\n    'payment_method': 'LOCAL',\n    'bank_country_code': 'CN',\n    'account_name': 'airwallex',\n    'account_number': '12345678',\n    'swift_code': 'ICBCCNBJ',\n    'bsb': '',\n    'aba': '',\n    };\nvar expectBody =  {\"success\": \"Bank details saved\"};\nvar expectStatus = 200;\npostBank(postBody, expectBody, expectStatus, done);",
            "err": {},
            "isRoot": false,
            "uuid": "e87f726c-71e9-4c69-9dea-92150c6abb2c",
            "isHook": false,
            "skipped": false
          },
          {
            "title": "TC001 - 002 - payment_method - mandatory, value should be either LOCAL or SWIFT - SWIFT - 200",
            "fullTitle": "payment_method TC001 - 002 - payment_method - mandatory, value should be either LOCAL or SWIFT - SWIFT - 200",
            "timedOut": false,
            "duration": 433,
            "state": "passed",
            "speed": "slow",
            "pass": true,
            "fail": false,
            "pending": false,
            "code": "var postBody = {\n    'payment_method': 'SWIFT',\n    'bank_country_code': 'CN',\n    'account_name': 'airwallex',\n    'account_number': '12345678',\n    'swift_code': 'ICBCCNBJ',\n    'bsb': '',\n    'aba': '',\n    };\nvar expectBody =  {'success': 'Bank details saved'};\nvar expectStatus = 200;\npostBank(postBody, expectBody, expectStatus, done);",
            "err": {},
            "isRoot": false,
            "uuid": "d0dae481-bec3-4ad0-998d-888d0330021a",
            "isHook": false,
            "skipped": false
          },
          {
            "title": "TC001 - 003 - payment_method - mandatory, value should be either LOCAL or SWIFT - null - 400",
            "fullTitle": "payment_method TC001 - 003 - payment_method - mandatory, value should be either LOCAL or SWIFT - null - 400",
            "timedOut": false,
            "duration": 370,
            "state": "passed",
            "speed": "slow",
            "pass": true,
            "fail": false,
            "pending": false,
            "code": "var postBody = {\n    'payment_method': '',\n    'bank_country_code': 'CN',\n    'account_name': 'airwallex',\n    'account_number': '12345678',\n    'swift_code': 'ICBCCNBJ',\n    'bsb': '',\n    'aba': '',\n    };\nvar expectBody = {\"error\": \"'payment_method' field required, the value should be either 'LOCAL' or 'SWIFT'\"};;\nvar expectStatus = 400;\npostBank(postBody, expectBody, expectStatus, done);",
            "err": {},
            "isRoot": false,
            "uuid": "08b1da7d-1f93-41e9-bc3b-85df31e6347e",
            "isHook": false,
            "skipped": false
          },
          {
            "title": "TC001 - 004 - payment_method - mandatory, value should be either LOCAL or SWIFT - any other - 400",
            "fullTitle": "payment_method TC001 - 004 - payment_method - mandatory, value should be either LOCAL or SWIFT - any other - 400",
            "timedOut": false,
            "duration": 363,
            "state": "passed",
            "speed": "slow",
            "pass": true,
            "fail": false,
            "pending": false,
            "code": "var postBody = {\n    'payment_method': 'OTHER',\n    'bank_country_code': 'CN',\n    'account_name': 'airwallex',\n    'account_number': '12345678',\n    'swift_code': 'ICBCCNBJ',\n    'bsb': '',\n    'aba': '',\n    };\nvar expectBody = {\"error\": \"'payment_method' field required, the value should be either 'LOCAL' or 'SWIFT'\"};;\nvar expectStatus = 400;\npostBank(postBody, expectBody, expectStatus, done);",
            "err": {},
            "isRoot": false,
            "uuid": "332a5f4f-285e-4b04-adf0-608af743c71f",
            "isHook": false,
            "skipped": false
          }
        ],
        "suites": [],
        "passes": [
          "e87f726c-71e9-4c69-9dea-92150c6abb2c",
          "d0dae481-bec3-4ad0-998d-888d0330021a",
          "08b1da7d-1f93-41e9-bc3b-85df31e6347e",
          "332a5f4f-285e-4b04-adf0-608af743c71f"
        ],
        "failures": [],
        "pending": [],
        "skipped": [],
        "duration": 1592,
        "root": false,
        "rootEmpty": false,
        "_timeout": 3000
      },
      {
        "uuid": "dfb7fb02-8679-4248-bb8c-eed0127fbc11",
        "title": "band_country_code",
        "fullFile": "D:\\study\\mocha\\airwallex\\test\\saveBank.test.js",
        "file": "\\test\\saveBank.test.js",
        "beforeHooks": [],
        "afterHooks": [],
        "tests": [
          {
            "title": "TC002 - 001 - bank_country_code - mandatory, can be one of US, AU, CN - US - 200",
            "fullTitle": "band_country_code TC002 - 001 - bank_country_code - mandatory, can be one of US, AU, CN - US - 200",
            "timedOut": false,
            "duration": 363,
            "state": "passed",
            "speed": "slow",
            "pass": true,
            "fail": false,
            "pending": false,
            "code": "var postBody = {\n    'payment_method': 'LOCAL',\n    'bank_country_code': 'CN',\n    'account_name': 'airwallex',\n    'account_number': '12345678',\n    'swift_code': 'ICBCCNBJ',\n    'bsb': '',\n    'aba': '',\n    };\nvar expectBody =  {'success': 'Bank details saved'};\nvar expectStatus = 200;\npostBank(postBody, expectBody, expectStatus, done);",
            "err": {},
            "isRoot": false,
            "uuid": "4e6a9666-70cd-4c6f-9f7e-8c9e29477cf2",
            "isHook": false,
            "skipped": false
          },
          {
            "title": "TC002 - 002 - bank_country_code - mandatory, can be one of US, AU, CN - AU - 200",
            "fullTitle": "band_country_code TC002 - 002 - bank_country_code - mandatory, can be one of US, AU, CN - AU - 200",
            "timedOut": false,
            "duration": 354,
            "state": "passed",
            "speed": "slow",
            "pass": true,
            "fail": false,
            "pending": false,
            "code": "var postBody = {\n    'payment_method': 'LOCAL',\n    'bank_country_code': 'CN',\n    'account_name': 'airwallex',\n    'account_number': '12345678',\n    'swift_code': 'ICBCCNBJ',\n    'bsb': '',\n    'aba': '',\n    };\nvar expectBody =  {'success': 'Bank details saved'};\nvar expectStatus = 200;\npostBank(postBody, expectBody, expectStatus, done);",
            "err": {},
            "isRoot": false,
            "uuid": "9fc61b59-c7f9-448a-abc4-7480077c24da",
            "isHook": false,
            "skipped": false
          },
          {
            "title": "TC002 - 003 - bank_country_code - mandatory, can be one of US, AU, CN - CN - 200",
            "fullTitle": "band_country_code TC002 - 003 - bank_country_code - mandatory, can be one of US, AU, CN - CN - 200",
            "timedOut": false,
            "duration": 356,
            "state": "passed",
            "speed": "slow",
            "pass": true,
            "fail": false,
            "pending": false,
            "code": "var postBody = {\n    'payment_method': 'LOCAL',\n    'bank_country_code': 'CN',\n    'account_name': 'airwallex',\n    'account_number': '12345678',\n    'swift_code': 'ICBCCNBJ',\n    'bsb': '',\n    'aba': '',\n    };\nvar expectBody =  {'success': 'Bank details saved'};\nvar expectStatus = 200;\npostBank(postBody, expectBody, expectStatus, done);",
            "err": {},
            "isRoot": false,
            "uuid": "392c9b67-a561-46c5-8c42-f8add75b6746",
            "isHook": false,
            "skipped": false
          },
          {
            "title": "TC002 - 004 - bank_country_code - mandatory, can be one of US, AU, CN - null - 400",
            "fullTitle": "band_country_code TC002 - 004 - bank_country_code - mandatory, can be one of US, AU, CN - null - 400",
            "timedOut": false,
            "duration": 438,
            "state": "passed",
            "speed": "slow",
            "pass": true,
            "fail": false,
            "pending": false,
            "code": "var postBody = {\n    'payment_method': 'LOCAL',\n    'bank_country_code': '',\n    'account_name': 'airwallex',\n    'account_number': '12345678',\n    'swift_code': 'ICBCCNBJ',\n    'bsb': '',\n    'aba': '',\n    };\nvar expectBody = {\"error\": \"'bank_country_code' is required, and should be one of 'US', 'AU', or 'CN'\"};;\nvar expectStatus = 400;\npostBank(postBody, expectBody, expectStatus, done);",
            "err": {},
            "isRoot": false,
            "uuid": "85757ff4-5e41-4151-8509-5a6a1007b80e",
            "isHook": false,
            "skipped": false
          },
          {
            "title": "TC002 - 005 - bank_country_code - mandatory, can be one of US, AU, CN - any other - 400",
            "fullTitle": "band_country_code TC002 - 005 - bank_country_code - mandatory, can be one of US, AU, CN - any other - 400",
            "timedOut": false,
            "duration": 355,
            "state": "passed",
            "speed": "slow",
            "pass": true,
            "fail": false,
            "pending": false,
            "code": "var postBody = {\n    'payment_method': 'LOCAL',\n    'bank_country_code': 'us',\n    'account_name': 'airwallex',\n    'account_number': '12345678',\n    'swift_code': 'ICBCCNBJ',\n    'bsb': '',\n    'aba': '',\n    };\nvar expectBody = {\"error\": \"'bank_country_code' is required, and should be one of 'US', 'AU', or 'CN'\"};;\nvar expectStatus = 400;\npostBank(postBody, expectBody, expectStatus, done);",
            "err": {},
            "isRoot": false,
            "uuid": "1cc695af-6158-4026-92b5-015dc827f129",
            "isHook": false,
            "skipped": false
          }
        ],
        "suites": [],
        "passes": [
          "4e6a9666-70cd-4c6f-9f7e-8c9e29477cf2",
          "9fc61b59-c7f9-448a-abc4-7480077c24da",
          "392c9b67-a561-46c5-8c42-f8add75b6746",
          "85757ff4-5e41-4151-8509-5a6a1007b80e",
          "1cc695af-6158-4026-92b5-015dc827f129"
        ],
        "failures": [],
        "pending": [],
        "skipped": [],
        "duration": 1866,
        "root": false,
        "rootEmpty": false,
        "_timeout": 3000
      },
      {
        "uuid": "e8f64ef8-87a0-4350-ab09-45199a78eced",
        "title": "account name",
        "fullFile": "D:\\study\\mocha\\airwallex\\test\\saveBank.test.js",
        "file": "\\test\\saveBank.test.js",
        "beforeHooks": [],
        "afterHooks": [],
        "tests": [
          {
            "title": "TC003 - 001 - account name - mandatory, any character, length from 2 to 10 - null - 400",
            "fullTitle": "account name TC003 - 001 - account name - mandatory, any character, length from 2 to 10 - null - 400",
            "timedOut": false,
            "duration": 356,
            "state": "passed",
            "speed": "slow",
            "pass": true,
            "fail": false,
            "pending": false,
            "code": "var postBody = {\n    'payment_method': 'LOCAL',\n    'bank_country_code': 'CN',\n    'account_name': '',\n    'account_number': '12345678',\n    'swift_code': 'ICBCCNBJ',\n    'bsb': '',\n    'aba': '',\n    };\nvar expectBody = {\"error\": \"'account_name' is required\"};\nvar expectStatus = 400;\npostBank(postBody, expectBody, expectStatus, done);",
            "err": {},
            "isRoot": false,
            "uuid": "3af3420f-91fd-4540-9938-1b73ea19e336",
            "isHook": false,
            "skipped": false
          },
          {
            "title": "TC003 - 002 - account name - mandatory, any character, length from 2 to 10 - length 1 - 400",
            "fullTitle": "account name TC003 - 002 - account name - mandatory, any character, length from 2 to 10 - length 1 - 400",
            "timedOut": false,
            "duration": 357,
            "state": "passed",
            "speed": "slow",
            "pass": true,
            "fail": false,
            "pending": false,
            "code": "var postBody = {\n    'payment_method': 'LOCAL',\n    'bank_country_code': 'CN',\n    'account_name': 'a',\n    'account_number': '12345678',\n    'swift_code': 'ICBCCNBJ',\n    'bsb': '',\n    'aba': '',\n    };\nvar expectBody = {\"error\": \"Length of account_name should be between 2 and 10\"};\nvar expectStatus = 400;\npostBank(postBody, expectBody, expectStatus, done);",
            "err": {},
            "isRoot": false,
            "uuid": "0ff76e85-852f-4f99-a38c-74971acbed01",
            "isHook": false,
            "skipped": false
          },
          {
            "title": "TC003 - 003 - account name - mandatory, any character, length from 2 to 10 - length 2 - 200",
            "fullTitle": "account name TC003 - 003 - account name - mandatory, any character, length from 2 to 10 - length 2 - 200",
            "timedOut": false,
            "duration": 367,
            "state": "passed",
            "speed": "slow",
            "pass": true,
            "fail": false,
            "pending": false,
            "code": "var postBody = {\n    'payment_method': 'LOCAL',\n    'bank_country_code': 'CN',\n    'account_name': 'ai',\n    'account_number': '12345678',\n    'swift_code': 'ICBCCNBJ',\n    'bsb': '',\n    'aba': '',\n    };\nvar expectBody =  {'success': 'Bank details saved'};\nvar expectStatus = 200;\npostBank(postBody, expectBody, expectStatus, done);",
            "err": {},
            "isRoot": false,
            "uuid": "0385b734-46dc-4620-a215-9ae3769f86cc",
            "isHook": false,
            "skipped": false
          },
          {
            "title": "TC003 - 004 - account name - mandatory, any character, length from 2 to 10 - length 5 ,contains special character - 200",
            "fullTitle": "account name TC003 - 004 - account name - mandatory, any character, length from 2 to 10 - length 5 ,contains special character - 200",
            "timedOut": false,
            "duration": 356,
            "state": "passed",
            "speed": "slow",
            "pass": true,
            "fail": false,
            "pending": false,
            "code": "var postBody = {\n    'payment_method': 'LOCAL',\n    'bank_country_code': 'CN',\n    'account_name': 'wall$',\n    'account_number': '12345678',\n    'swift_code': 'ICBCCNBJ',\n    'bsb': '',\n    'aba': '',\n    };\nvar expectBody =  {'success': 'Bank details saved'};\nvar expectStatus = 200;\npostBank(postBody, expectBody, expectStatus, done);",
            "err": {},
            "isRoot": false,
            "uuid": "d34f1a24-20ea-4713-a512-1631c83eb71e",
            "isHook": false,
            "skipped": false
          },
          {
            "title": "TC003 - 005 - account name - mandatory, any character, length from 2 to 10 - length 10 - 200",
            "fullTitle": "account name TC003 - 005 - account name - mandatory, any character, length from 2 to 10 - length 10 - 200",
            "timedOut": false,
            "duration": 429,
            "state": "passed",
            "speed": "slow",
            "pass": true,
            "fail": false,
            "pending": false,
            "code": "var postBody = {\n    'payment_method': 'LOCAL',\n    'bank_country_code': 'CN',\n    'account_name': 'airwallex1',\n    'account_number': '12345678',\n    'swift_code': 'ICBCCNBJ',\n    'bsb': '',\n    'aba': '',\n    };\nvar expectBody =  {'success': 'Bank details saved'};\nvar expectStatus = 200;\npostBank(postBody, expectBody, expectStatus, done);",
            "err": {},
            "isRoot": false,
            "uuid": "5a322511-dca1-4d3f-974d-e7cd1d1935db",
            "isHook": false,
            "skipped": false
          },
          {
            "title": "TC003 - 006 - account name - mandatory, any character, length from 2 to 10 - length 11 - 400",
            "fullTitle": "account name TC003 - 006 - account name - mandatory, any character, length from 2 to 10 - length 11 - 400",
            "timedOut": false,
            "duration": 357,
            "state": "passed",
            "speed": "slow",
            "pass": true,
            "fail": false,
            "pending": false,
            "code": "var postBody = {\n    'payment_method': 'LOCAL',\n    'bank_country_code': 'CN',\n    'account_name': 'airwallex12',\n    'account_number': '12345678',\n    'swift_code': 'ICBCCNBJ',\n    'bsb': '',\n    'aba': '',\n    };\nvar expectBody = {\"error\": \"Length of account_name should be between 2 and 10\"};\nvar expectStatus = 400;\npostBank(postBody, expectBody, expectStatus, done);",
            "err": {},
            "isRoot": false,
            "uuid": "2ed9a659-205b-4b63-9b0c-e39e58a4f979",
            "isHook": false,
            "skipped": false
          }
        ],
        "suites": [],
        "passes": [
          "3af3420f-91fd-4540-9938-1b73ea19e336",
          "0ff76e85-852f-4f99-a38c-74971acbed01",
          "0385b734-46dc-4620-a215-9ae3769f86cc",
          "d34f1a24-20ea-4713-a512-1631c83eb71e",
          "5a322511-dca1-4d3f-974d-e7cd1d1935db",
          "2ed9a659-205b-4b63-9b0c-e39e58a4f979"
        ],
        "failures": [],
        "pending": [],
        "skipped": [],
        "duration": 2222,
        "root": false,
        "rootEmpty": false,
        "_timeout": 3000
      },
      {
        "uuid": "26afe9ee-285a-4492-98b9-9f05eed6b5f3",
        "title": "accountnumber",
        "fullFile": "D:\\study\\mocha\\airwallex\\test\\saveBank.test.js",
        "file": "\\test\\saveBank.test.js",
        "beforeHooks": [],
        "afterHooks": [],
        "tests": [
          {
            "title": "TC004 - 001 - account number - mandatory, for US, account number is 1-17 character long, can be any character - for US, null - 400",
            "fullTitle": "accountnumber TC004 - 001 - account number - mandatory, for US, account number is 1-17 character long, can be any character - for US, null - 400",
            "timedOut": false,
            "duration": 374,
            "state": "passed",
            "speed": "slow",
            "pass": true,
            "fail": false,
            "pending": false,
            "code": "var postBody = {\n    'payment_method': 'LOCAL',\n    'bank_country_code': 'US',\n    'account_name': 'airwallex',\n    'account_number': '',\n    'swift_code': 'ICBCCNBJ',\n    'bsb': '',\n    'aba': '',\n    };\nvar expectBody = {\"error\": \"'account_number' is required\"};\nvar expectStatus = 400;\npostBank(postBody, expectBody, expectStatus, done);",
            "err": {},
            "isRoot": false,
            "uuid": "ff7f3794-05cc-4cfd-8e0d-ab3e5404a870",
            "isHook": false,
            "skipped": false
          },
          {
            "title": "TC004 - 002 - account number - mandatory, for US, account number is 1-17 character long, can be any character - for US, length 1 - 200",
            "fullTitle": "accountnumber TC004 - 002 - account number - mandatory, for US, account number is 1-17 character long, can be any character - for US, length 1 - 200",
            "timedOut": false,
            "duration": 355,
            "state": "passed",
            "speed": "slow",
            "pass": true,
            "fail": false,
            "pending": false,
            "code": "var postBody = {\n    'payment_method': 'LOCAL',\n    'bank_country_code': 'US',\n    'account_name': 'airwallex',\n    'account_number': '1',\n    'swift_code': 'ICBCCNBJ',\n    'bsb': '',\n    'aba': '',\n    };\nvar expectBody =  {'success': 'Bank details saved'};\nvar expectStatus = 200;\npostBank(postBody, expectBody, expectStatus, done);",
            "err": {},
            "isRoot": false,
            "uuid": "4888f73c-5265-47f6-9808-79c53953e5d8",
            "isHook": false,
            "skipped": false
          },
          {
            "title": "TC004 - 003 - account number - mandatory, for US, account number is 1-17 character long, can be any character - for US, length 10, contains special character - 200",
            "fullTitle": "accountnumber TC004 - 003 - account number - mandatory, for US, account number is 1-17 character long, can be any character - for US, length 10, contains special character - 200",
            "timedOut": false,
            "duration": 358,
            "state": "passed",
            "speed": "slow",
            "pass": true,
            "fail": false,
            "pending": false,
            "code": "var postBody = {\n    'payment_method': 'LOCAL',\n    'bank_country_code': 'US',\n    'account_name': 'airwallex',\n    'account_number': '123456789$',\n    'swift_code': 'ICBCCNBJ',\n    'bsb': '',\n    'aba': '',\n    };\nvar expectBody =  {'success': 'Bank details saved'};\nvar expectStatus = 200;\npostBank(postBody, expectBody, expectStatus, done);",
            "err": {},
            "isRoot": false,
            "uuid": "61754c34-121d-439a-88cb-7ee6d3b5a7f0",
            "isHook": false,
            "skipped": false
          },
          {
            "title": "TC004 - 004 - account number - mandatory, for US, account number is 1-17 character long, can be any character - for US, length 17 - 200",
            "fullTitle": "accountnumber TC004 - 004 - account number - mandatory, for US, account number is 1-17 character long, can be any character - for US, length 17 - 200",
            "timedOut": false,
            "duration": 362,
            "state": "passed",
            "speed": "slow",
            "pass": true,
            "fail": false,
            "pending": false,
            "code": "var postBody = {\n    'payment_method': 'LOCAL',\n    'bank_country_code': 'US',\n    'account_name': 'airwallex',\n    'account_number': '12345678901234567',\n    'swift_code': 'ICBCCNBJ',\n    'bsb': '',\n    'aba': '',\n    };\nvar expectBody =  {'success': 'Bank details saved'};\nvar expectStatus = 200;\npostBank(postBody, expectBody, expectStatus, done);",
            "err": {},
            "isRoot": false,
            "uuid": "6b8395b3-38a8-4b40-9c3a-25c6d130f06d",
            "isHook": false,
            "skipped": false
          },
          {
            "title": "TC004 - 005 - account number - mandatory, for US, account number is 1-17 character long, can be any character - for US, length 18 - 400",
            "fullTitle": "accountnumber TC004 - 005 - account number - mandatory, for US, account number is 1-17 character long, can be any character - for US, length 18 - 400",
            "timedOut": false,
            "duration": 0,
            "state": "failed",
            "pass": false,
            "fail": true,
            "pending": false,
            "code": "var postBody = {\n    'payment_method': 'LOCAL',\n    'bank_country_code': 'US',\n    'account_name': 'airwallex',\n    'account_number': '123456789012345678',\n    'swift_code': 'ICBCCNBJ',\n    'bsb': '',\n    'aba': '',\n    };\nvar expectBody = {\"error\": \"Length of account_number should be between 1 and 17 when bank_country_code is 'US'\"};\nvar expectStatus = 400;\npostBank(postBody, expectBody, expectStatus, done);",
            "err": {
              "message": "AssertionError: expected { Object (error) } to deeply equal { Object (error) }",
              "estack": "AssertionError: expected { Object (error) } to deeply equal { Object (error) }\n    at Test.<anonymous> (test\\saveBank.test.js:10:23)\n    at Test.assert (node_modules\\supertest\\lib\\test.js:181:6)\n    at localAssert (node_modules\\supertest\\lib\\test.js:131:12)\n    at D:\\study\\mocha\\airwallex\\node_modules\\supertest\\lib\\test.js:128:5\n    at Test.Request.callback (node_modules\\superagent\\lib\\node\\index.js:728:3)\n    at parser (node_modules\\superagent\\lib\\node\\index.js:916:18)\n    at IncomingMessage.res.on (node_modules\\superagent\\lib\\node\\parsers\\json.js:19:7)\n    at endReadableNT (_stream_readable.js:1125:12)\n    at process._tickCallback (internal/process/next_tick.js:63:19)",
              "diff": " {\n-   \"error\": \"Length of account_number should be between 7 and 11 when bank_country_code is 'US'\"\n+   \"error\": \"Length of account_number should be between 1 and 17 when bank_country_code is 'US'\"\n }\n"
            },
            "isRoot": false,
            "uuid": "3f275c57-ae1b-4ccc-819d-309dc4fe6e70",
            "isHook": false,
            "skipped": false
          },
          {
            "title": "TC004 - 006 - account number - mandatory, for AU, account number is 6-9 character long, can be any character - for AU, null - 400",
            "fullTitle": "accountnumber TC004 - 006 - account number - mandatory, for AU, account number is 6-9 character long, can be any character - for AU, null - 400",
            "timedOut": false,
            "duration": 373,
            "state": "passed",
            "speed": "slow",
            "pass": true,
            "fail": false,
            "pending": false,
            "code": "var postBody = {\n    'payment_method': 'LOCAL',\n    'bank_country_code': 'AU',\n    'account_name': 'airwallex',\n    'account_number': '',\n    'swift_code': 'ICBCCNBJ',\n    'bsb': '',\n    'aba': '',\n    };\nvar expectBody = {\"error\": \"'account_number' is required\"};\nvar expectStatus = 400;\npostBank(postBody, expectBody, expectStatus, done);",
            "err": {},
            "isRoot": false,
            "uuid": "9179dfd3-ed63-45dc-b710-1e1888262e1a",
            "isHook": false,
            "skipped": false
          },
          {
            "title": "TC004 - 007 - account number - mandatory, for AU, account number is 6-9 character long, can be any character - for AU, length 5 - 400",
            "fullTitle": "accountnumber TC004 - 007 - account number - mandatory, for AU, account number is 6-9 character long, can be any character - for AU, length 5 - 400",
            "timedOut": false,
            "duration": 0,
            "state": "failed",
            "pass": false,
            "fail": true,
            "pending": false,
            "code": "var postBody = {\n    'payment_method': 'LOCAL',\n    'bank_country_code': 'AU',\n    'account_name': 'airwallex',\n    'account_number': '12345',\n    'swift_code': 'ICBCCNBJ',\n    'bsb': '',\n    'aba': '',\n    };\nvar expectBody = {\"error\": \"Length of account_number should be between 6 and 9 when bank_country_code is 'AU'\"};\nvar expectStatus = 400;\npostBank(postBody, expectBody, expectStatus, done);",
            "err": {
              "message": "AssertionError: expected { Object (error) } to deeply equal { Object (error) }",
              "estack": "AssertionError: expected { Object (error) } to deeply equal { Object (error) }\n    at Test.<anonymous> (test\\saveBank.test.js:10:23)\n    at Test.assert (node_modules\\supertest\\lib\\test.js:181:6)\n    at localAssert (node_modules\\supertest\\lib\\test.js:131:12)\n    at D:\\study\\mocha\\airwallex\\node_modules\\supertest\\lib\\test.js:128:5\n    at Test.Request.callback (node_modules\\superagent\\lib\\node\\index.js:728:3)\n    at parser (node_modules\\superagent\\lib\\node\\index.js:916:18)\n    at IncomingMessage.res.on (node_modules\\superagent\\lib\\node\\parsers\\json.js:19:7)\n    at endReadableNT (_stream_readable.js:1125:12)\n    at process._tickCallback (internal/process/next_tick.js:63:19)",
              "diff": " {\n-   \"error\": \"Length of account_number should be between 7 and 11 when bank_country_code is 'US'\"\n+   \"error\": \"Length of account_number should be between 6 and 9 when bank_country_code is 'AU'\"\n }\n"
            },
            "isRoot": false,
            "uuid": "389ea628-f498-436e-90af-2e3393111a94",
            "isHook": false,
            "skipped": false
          },
          {
            "title": "TC004 - 008 - account number - mandatory, for AU, account number is 6-9 character long, can be any character - for AU, length 6 - 200",
            "fullTitle": "accountnumber TC004 - 008 - account number - mandatory, for AU, account number is 6-9 character long, can be any character - for AU, length 6 - 200",
            "timedOut": false,
            "duration": 351,
            "state": "passed",
            "speed": "slow",
            "pass": true,
            "fail": false,
            "pending": false,
            "code": "var postBody = {\n    'payment_method': 'LOCAL',\n    'bank_country_code': 'AU',\n    'account_name': 'airwallex',\n    'account_number': '123456',\n    'swift_code': 'ICBCCNBJ',\n    'bsb': '123456',\n    'aba': '',\n    };\nvar expectBody =  {'success': 'Bank details saved'};\nvar expectStatus = 200;\npostBank(postBody, expectBody, expectStatus, done);",
            "err": {},
            "isRoot": false,
            "uuid": "9dcc9f39-8d6e-46f0-bf21-011a75e3db2e",
            "isHook": false,
            "skipped": false
          },
          {
            "title": "TC004 - 009 - account number - mandatory, for AU, account number is 6-9 character long, can be any character - for AU, length 8 - 200",
            "fullTitle": "accountnumber TC004 - 009 - account number - mandatory, for AU, account number is 6-9 character long, can be any character - for AU, length 8 - 200",
            "timedOut": false,
            "duration": 374,
            "state": "passed",
            "speed": "slow",
            "pass": true,
            "fail": false,
            "pending": false,
            "code": "var postBody = {\n    'payment_method': 'LOCAL',\n    'bank_country_code': 'AU',\n    'account_name': 'airwallex',\n    'account_number': '12345678',\n    'swift_code': 'ICBCCNBJ',\n    'bsb': '123456',\n    'aba': '',\n    };\nvar expectBody =  {'success': 'Bank details saved'};\nvar expectStatus = 200;\npostBank(postBody, expectBody, expectStatus, done);",
            "err": {},
            "isRoot": false,
            "uuid": "393e32a7-539e-4856-b732-b88f2ea3d27b",
            "isHook": false,
            "skipped": false
          },
          {
            "title": "TC004 - 010 - account number - mandatory, for AU, account number is 6-9 character long, can be any character - for AU, length 9 - 200",
            "fullTitle": "accountnumber TC004 - 010 - account number - mandatory, for AU, account number is 6-9 character long, can be any character - for AU, length 9 - 200",
            "timedOut": false,
            "duration": 356,
            "state": "passed",
            "speed": "slow",
            "pass": true,
            "fail": false,
            "pending": false,
            "code": "var postBody = {\n    'payment_method': 'LOCAL',\n    'bank_country_code': 'AU',\n    'account_name': 'airwallex',\n    'account_number': '123456789',\n    'swift_code': 'ICBCCNBJ',\n    'bsb': '123456',\n    'aba': '',\n    };\nvar expectBody =  {'success': 'Bank details saved'};\nvar expectStatus = 200;\npostBank(postBody, expectBody, expectStatus, done);",
            "err": {},
            "isRoot": false,
            "uuid": "7ef875da-d2c4-488a-84ed-e9edfa297590",
            "isHook": false,
            "skipped": false
          },
          {
            "title": "TC004 - 011 - account number - mandatory, for AU, account number is 6-9 character long, can be any character - for AU, length 10 - 400",
            "fullTitle": "accountnumber TC004 - 011 - account number - mandatory, for AU, account number is 6-9 character long, can be any character - for AU, length 10 - 400",
            "timedOut": false,
            "duration": 0,
            "state": "failed",
            "pass": false,
            "fail": true,
            "pending": false,
            "code": "var postBody = {\n    'payment_method': 'LOCAL',\n    'bank_country_code': 'AU',\n    'account_name': 'airwallex',\n    'account_number': '1234567890',\n    'swift_code': 'ICBCCNBJ',\n    'bsb': '',\n    'aba': '',\n    };\nvar expectBody = {\"error\": \"Length of account_number should be between 6 and 9 when bank_country_code is 'AU'\"};\nvar expectStatus = 400;\npostBank(postBody, expectBody, expectStatus, done);",
            "err": {
              "message": "AssertionError: expected { Object (error) } to deeply equal { Object (error) }",
              "estack": "AssertionError: expected { Object (error) } to deeply equal { Object (error) }\n    at Test.<anonymous> (test\\saveBank.test.js:10:23)\n    at Test.assert (node_modules\\supertest\\lib\\test.js:181:6)\n    at localAssert (node_modules\\supertest\\lib\\test.js:131:12)\n    at D:\\study\\mocha\\airwallex\\node_modules\\supertest\\lib\\test.js:128:5\n    at Test.Request.callback (node_modules\\superagent\\lib\\node\\index.js:728:3)\n    at parser (node_modules\\superagent\\lib\\node\\index.js:916:18)\n    at IncomingMessage.res.on (node_modules\\superagent\\lib\\node\\parsers\\json.js:19:7)\n    at endReadableNT (_stream_readable.js:1125:12)\n    at process._tickCallback (internal/process/next_tick.js:63:19)",
              "diff": " {\n-   \"error\": \"Length of account_number should be between 7 and 11 when bank_country_code is 'US'\"\n+   \"error\": \"Length of account_number should be between 6 and 9 when bank_country_code is 'AU'\"\n }\n"
            },
            "isRoot": false,
            "uuid": "1002dc81-3bbd-46d7-9265-924212336d90",
            "isHook": false,
            "skipped": false
          },
          {
            "title": "TC004 - 012 - account number - mandatory, for CN, account number is 8-20 character long, can be any character - for CN, null - 400",
            "fullTitle": "accountnumber TC004 - 012 - account number - mandatory, for CN, account number is 8-20 character long, can be any character - for CN, null - 400",
            "timedOut": false,
            "duration": 359,
            "state": "passed",
            "speed": "slow",
            "pass": true,
            "fail": false,
            "pending": false,
            "code": "var postBody = {\n    'payment_method': 'LOCAL',\n    'bank_country_code': 'CN',\n    'account_name': 'airwallex',\n    'account_number': '',\n    'swift_code': 'ICBCCNBJ',\n    'bsb': '',\n    'aba': '',\n    };\nvar expectBody = {\"error\": \"'account_number' is required\"};\nvar expectStatus = 400;\npostBank(postBody, expectBody, expectStatus, done);",
            "err": {},
            "isRoot": false,
            "uuid": "435f3483-073c-47c6-b332-e0eb7b672b7c",
            "isHook": false,
            "skipped": false
          },
          {
            "title": "TC004 - 013 - account number - mandatory, for CN, account number is 8-20 character long, can be any character - for CN, length 7 - 400",
            "fullTitle": "accountnumber TC004 - 013 - account number - mandatory, for CN, account number is 8-20 character long, can be any character - for CN, length 7 - 400",
            "timedOut": false,
            "duration": 0,
            "state": "failed",
            "pass": false,
            "fail": true,
            "pending": false,
            "code": "var postBody = {\n    'payment_method': 'LOCAL',\n    'bank_country_code': 'CN',\n    'account_name': 'airwallex',\n    'account_number': '1234567',\n    'swift_code': 'ICBCCNBJ',\n    'bsb': '',\n    'aba': '',\n    };\nvar expectBody = {\"error\": \"Length of account_number should be between 7 and 11 when bank_country_code is 'CN'\"};\nvar expectStatus = 400;\npostBank(postBody, expectBody, expectStatus, done);",
            "err": {
              "message": "AssertionError: expected 200 to equal 400",
              "estack": "AssertionError: expected 200 to equal 400\n    at Test.<anonymous> (test\\saveBank.test.js:9:25)\n    at Test.assert (node_modules\\supertest\\lib\\test.js:181:6)\n    at localAssert (node_modules\\supertest\\lib\\test.js:131:12)\n    at D:\\study\\mocha\\airwallex\\node_modules\\supertest\\lib\\test.js:128:5\n    at Test.Request.callback (node_modules\\superagent\\lib\\node\\index.js:716:12)\n    at parser (node_modules\\superagent\\lib\\node\\index.js:916:18)\n    at IncomingMessage.res.on (node_modules\\superagent\\lib\\node\\parsers\\json.js:19:7)\n    at endReadableNT (_stream_readable.js:1125:12)\n    at process._tickCallback (internal/process/next_tick.js:63:19)",
              "diff": "- 200\n+ 400\n"
            },
            "isRoot": false,
            "uuid": "ad7b09c5-4ae5-45d0-be90-6138f32470ee",
            "isHook": false,
            "skipped": false
          },
          {
            "title": "TC004 - 014 - account number - mandatory, for CN, account number is 8-20 character long, can be any character - for CN, length 8 - 200",
            "fullTitle": "accountnumber TC004 - 014 - account number - mandatory, for CN, account number is 8-20 character long, can be any character - for CN, length 8 - 200",
            "timedOut": false,
            "duration": 354,
            "state": "passed",
            "speed": "slow",
            "pass": true,
            "fail": false,
            "pending": false,
            "code": "var postBody = {\n    'payment_method': 'LOCAL',\n    'bank_country_code': 'CN',\n    'account_name': 'airwallex',\n    'account_number': '12345678',\n    'swift_code': 'ICBCCNBJ',\n    'bsb': '',\n    'aba': '',\n    };\nvar expectBody =  {'success': 'Bank details saved'};\nvar expectStatus = 200;\npostBank(postBody, expectBody, expectStatus, done);",
            "err": {},
            "isRoot": false,
            "uuid": "8e43e250-db6b-4119-84a5-7da6f824e82e",
            "isHook": false,
            "skipped": false
          },
          {
            "title": "TC004 - 015 - account number - mandatory, for CN, account number is 8-20 character long, can be any character - for CN, length 15 - 200",
            "fullTitle": "accountnumber TC004 - 015 - account number - mandatory, for CN, account number is 8-20 character long, can be any character - for CN, length 15 - 200",
            "timedOut": false,
            "duration": 0,
            "state": "failed",
            "pass": false,
            "fail": true,
            "pending": false,
            "code": "var postBody = {\n    'payment_method': 'LOCAL',\n    'bank_country_code': 'CN',\n    'account_name': 'airwallex',\n    'account_number': '123456789012345',\n    'swift_code': 'ICBCCNBJ',\n    'bsb': '',\n    'aba': '',\n    };\nvar expectBody =  {'success': 'Bank details saved'};\nvar expectStatus = 200;\npostBank(postBody, expectBody, expectStatus, done);",
            "err": {
              "message": "AssertionError: expected 400 to equal 200",
              "estack": "AssertionError: expected 400 to equal 200\n    at Test.<anonymous> (test\\saveBank.test.js:9:25)\n    at Test.assert (node_modules\\supertest\\lib\\test.js:181:6)\n    at localAssert (node_modules\\supertest\\lib\\test.js:131:12)\n    at D:\\study\\mocha\\airwallex\\node_modules\\supertest\\lib\\test.js:128:5\n    at Test.Request.callback (node_modules\\superagent\\lib\\node\\index.js:728:3)\n    at parser (node_modules\\superagent\\lib\\node\\index.js:916:18)\n    at IncomingMessage.res.on (node_modules\\superagent\\lib\\node\\parsers\\json.js:19:7)\n    at endReadableNT (_stream_readable.js:1125:12)\n    at process._tickCallback (internal/process/next_tick.js:63:19)",
              "diff": "- 400\n+ 200\n"
            },
            "isRoot": false,
            "uuid": "4001dc5f-4a4a-415d-92d8-c88454e4dc19",
            "isHook": false,
            "skipped": false
          },
          {
            "title": "TC004 - 016 - account number - mandatory, for CN, account number is 8-20 character long, can be any character - for CN, length 20 - 200",
            "fullTitle": "accountnumber TC004 - 016 - account number - mandatory, for CN, account number is 8-20 character long, can be any character - for CN, length 20 - 200",
            "timedOut": false,
            "duration": 0,
            "state": "failed",
            "pass": false,
            "fail": true,
            "pending": false,
            "code": "var postBody = {\n    'payment_method': 'LOCAL',\n    'bank_country_code': 'CN',\n    'account_name': 'airwallex',\n    'account_number': '12345678901234567890',\n    'swift_code': 'ICBCCNBJ',\n    'bsb': '',\n    'aba': '',\n    };\nvar expectBody =  {'success': 'Bank details saved'};\nvar expectStatus = 200;\npostBank(postBody, expectBody, expectStatus, done);",
            "err": {
              "message": "AssertionError: expected 400 to equal 200",
              "estack": "AssertionError: expected 400 to equal 200\n    at Test.<anonymous> (test\\saveBank.test.js:9:25)\n    at Test.assert (node_modules\\supertest\\lib\\test.js:181:6)\n    at localAssert (node_modules\\supertest\\lib\\test.js:131:12)\n    at D:\\study\\mocha\\airwallex\\node_modules\\supertest\\lib\\test.js:128:5\n    at Test.Request.callback (node_modules\\superagent\\lib\\node\\index.js:728:3)\n    at parser (node_modules\\superagent\\lib\\node\\index.js:916:18)\n    at IncomingMessage.res.on (node_modules\\superagent\\lib\\node\\parsers\\json.js:19:7)\n    at endReadableNT (_stream_readable.js:1125:12)\n    at process._tickCallback (internal/process/next_tick.js:63:19)",
              "diff": "- 400\n+ 200\n"
            },
            "isRoot": false,
            "uuid": "63cdafc1-2cdb-4873-b193-934cd95bf7a4",
            "isHook": false,
            "skipped": false
          },
          {
            "title": "TC004 - 017 - account number - mandatory, for CN, account number is 8-20 character long, can be any character - for CN, length 21 - 400",
            "fullTitle": "accountnumber TC004 - 017 - account number - mandatory, for CN, account number is 8-20 character long, can be any character - for CN, length 21 - 400",
            "timedOut": false,
            "duration": 0,
            "state": "failed",
            "pass": false,
            "fail": true,
            "pending": false,
            "code": "var postBody = {\n    'payment_method': 'LOCAL',\n    'bank_country_code': 'CN',\n    'account_name': 'airwallex',\n    'account_number': '123456789012345678900',\n    'swift_code': 'ICBCCNBJ',\n    'bsb': '',\n    'aba': '',\n    };\nvar expectBody = {\"error\": \"Length of account_number should be between 8 and 20 when bank_country_code is 'CN'\"};\nvar expectStatus = 400;\npostBank(postBody, expectBody, expectStatus, done);",
            "err": {
              "message": "AssertionError: expected { Object (error) } to deeply equal { Object (error) }",
              "estack": "AssertionError: expected { Object (error) } to deeply equal { Object (error) }\n    at Test.<anonymous> (test\\saveBank.test.js:10:23)\n    at Test.assert (node_modules\\supertest\\lib\\test.js:181:6)\n    at localAssert (node_modules\\supertest\\lib\\test.js:131:12)\n    at D:\\study\\mocha\\airwallex\\node_modules\\supertest\\lib\\test.js:128:5\n    at Test.Request.callback (node_modules\\superagent\\lib\\node\\index.js:728:3)\n    at parser (node_modules\\superagent\\lib\\node\\index.js:916:18)\n    at IncomingMessage.res.on (node_modules\\superagent\\lib\\node\\parsers\\json.js:19:7)\n    at endReadableNT (_stream_readable.js:1125:12)\n    at process._tickCallback (internal/process/next_tick.js:63:19)",
              "diff": " {\n-   \"error\": \"Length of account_number should be between 7 and 11 when bank_country_code is 'US'\"\n+   \"error\": \"Length of account_number should be between 8 and 20 when bank_country_code is 'CN'\"\n }\n"
            },
            "isRoot": false,
            "uuid": "d7748ea9-4be6-48e1-928d-19ea8b2c98c7",
            "isHook": false,
            "skipped": false
          }
        ],
        "suites": [],
        "passes": [
          "ff7f3794-05cc-4cfd-8e0d-ab3e5404a870",
          "4888f73c-5265-47f6-9808-79c53953e5d8",
          "61754c34-121d-439a-88cb-7ee6d3b5a7f0",
          "6b8395b3-38a8-4b40-9c3a-25c6d130f06d",
          "9179dfd3-ed63-45dc-b710-1e1888262e1a",
          "9dcc9f39-8d6e-46f0-bf21-011a75e3db2e",
          "393e32a7-539e-4856-b732-b88f2ea3d27b",
          "7ef875da-d2c4-488a-84ed-e9edfa297590",
          "435f3483-073c-47c6-b332-e0eb7b672b7c",
          "8e43e250-db6b-4119-84a5-7da6f824e82e"
        ],
        "failures": [
          "3f275c57-ae1b-4ccc-819d-309dc4fe6e70",
          "389ea628-f498-436e-90af-2e3393111a94",
          "1002dc81-3bbd-46d7-9265-924212336d90",
          "ad7b09c5-4ae5-45d0-be90-6138f32470ee",
          "4001dc5f-4a4a-415d-92d8-c88454e4dc19",
          "63cdafc1-2cdb-4873-b193-934cd95bf7a4",
          "d7748ea9-4be6-48e1-928d-19ea8b2c98c7"
        ],
        "pending": [],
        "skipped": [],
        "duration": null,
        "root": false,
        "rootEmpty": false,
        "_timeout": 3000
      },
      {
        "uuid": "dfb77f3f-192a-48b5-881a-a69a31190426",
        "title": "check swift_code",
        "fullFile": "D:\\study\\mocha\\airwallex\\test\\saveBank.test.js",
        "file": "\\test\\saveBank.test.js",
        "beforeHooks": [],
        "afterHooks": [],
        "tests": [
          {
            "title": "TC005 - 001 - swift_code - mandatory when payment method is SWIFT - for SWIFT, null - 400",
            "fullTitle": "check swift_code TC005 - 001 - swift_code - mandatory when payment method is SWIFT - for SWIFT, null - 400",
            "timedOut": false,
            "duration": 356,
            "state": "passed",
            "speed": "slow",
            "pass": true,
            "fail": false,
            "pending": false,
            "code": "var postBody = {\n    'payment_method': 'SWIFT',\n    'bank_country_code': 'CN',\n    'account_name': 'airwallex',\n    'account_number': '12345678',\n    'swift_code': '',\n    'bsb': '',\n    'aba': '',\n    };\nvar expectBody = {\"error\": \"'swift_code' is required when payment method is 'SWIFT'\"};\nvar expectStatus = 400;\npostBank(postBody, expectBody, expectStatus, done);",
            "err": {},
            "isRoot": false,
            "uuid": "771a4783-39f7-4e8e-a1ca-c69d7d84ed14",
            "isHook": false,
            "skipped": false
          },
          {
            "title": "TC005 - 002 - swift_code - mandatory when payment method is SWIFT - for other method, null - 200",
            "fullTitle": "check swift_code TC005 - 002 - swift_code - mandatory when payment method is SWIFT - for other method, null - 200",
            "timedOut": false,
            "duration": 357,
            "state": "passed",
            "speed": "slow",
            "pass": true,
            "fail": false,
            "pending": false,
            "code": "var postBody = {\n    'payment_method': 'LOCAL',\n    'bank_country_code': 'CN',\n    'account_name': 'airwallex',\n    'account_number': '12345678',\n    'swift_code': '',\n    'bsb': '',\n    'aba': '',\n    };\nvar expectBody =  {'success': 'Bank details saved'};\nvar expectStatus = 200;\npostBank(postBody, expectBody, expectStatus, done);",
            "err": {},
            "isRoot": false,
            "uuid": "40e289d6-d39b-4c20-b84d-7e570f692eb8",
            "isHook": false,
            "skipped": false
          },
          {
            "title": "TC005 - 003 - swift_code - swift code should be either 8 or 11 characters - length 7 - 400",
            "fullTitle": "check swift_code TC005 - 003 - swift_code - swift code should be either 8 or 11 characters - length 7 - 400",
            "timedOut": false,
            "duration": 0,
            "state": "failed",
            "pass": false,
            "fail": true,
            "pending": false,
            "code": "var postBody = {\n\t\t\t \"payment_method\": \"SWIFT\",\n\t\t\t \"bank_country_code\": \"US\",\n\t\t\t \"account_name\": \"Myaccount\",\n\t\t\t \"account_number\": \"12345678\",\n\t\t\t \"swift_code\": \"2ssdUS2890\",\n\t\t\t \"bsb\": \"\",\n\t\t\t \"aba\": \"232323422\"};\nvar expectBody = {\"error\": \"Length of swift_code should be 8 or 11\"};\nvar expectStatus = 400;\npostBank(postBody, expectBody, expectStatus, done);",
            "err": {
              "message": "AssertionError: expected 200 to equal 400",
              "estack": "AssertionError: expected 200 to equal 400\n    at Test.<anonymous> (test\\saveBank.test.js:9:25)\n    at Test.assert (node_modules\\supertest\\lib\\test.js:181:6)\n    at localAssert (node_modules\\supertest\\lib\\test.js:131:12)\n    at D:\\study\\mocha\\airwallex\\node_modules\\supertest\\lib\\test.js:128:5\n    at Test.Request.callback (node_modules\\superagent\\lib\\node\\index.js:716:12)\n    at parser (node_modules\\superagent\\lib\\node\\index.js:916:18)\n    at IncomingMessage.res.on (node_modules\\superagent\\lib\\node\\parsers\\json.js:19:7)\n    at endReadableNT (_stream_readable.js:1125:12)\n    at process._tickCallback (internal/process/next_tick.js:63:19)",
              "diff": "- 200\n+ 400\n"
            },
            "isRoot": false,
            "uuid": "272c0b74-255f-4ad7-849f-f9ad7bb327bf",
            "isHook": false,
            "skipped": false
          },
          {
            "title": "TC005 - 004 - swift_code - the 5th and 6th character of swift code should match the bank country code - length 8, match country code in 5th-6th - 200",
            "fullTitle": "check swift_code TC005 - 004 - swift_code - the 5th and 6th character of swift code should match the bank country code - length 8, match country code in 5th-6th - 200",
            "timedOut": false,
            "duration": 351,
            "state": "passed",
            "speed": "slow",
            "pass": true,
            "fail": false,
            "pending": false,
            "code": "var postBody = {\n    'payment_method': 'LOCAL',\n    'bank_country_code': 'CN',\n    'account_name': 'airwallex',\n    'account_number': '12345678',\n    'swift_code': 'ICBCCNBJ',\n    'bsb': '',\n    'aba': '',\n    };\nvar expectBody =  {'success': 'Bank details saved'};\nvar expectStatus = 200;\npostBank(postBody, expectBody, expectStatus, done);",
            "err": {},
            "isRoot": false,
            "uuid": "fbe437e4-8350-4da2-93e7-e82a924fd114",
            "isHook": false,
            "skipped": false
          },
          {
            "title": "TC005 - 005 - swift_code - the 5th and 6th character of swift code should match the bank country code - length 8, any other in 5th-6th - 400",
            "fullTitle": "check swift_code TC005 - 005 - swift_code - the 5th and 6th character of swift code should match the bank country code - length 8, any other in 5th-6th - 400",
            "timedOut": false,
            "duration": 0,
            "state": "failed",
            "pass": false,
            "fail": true,
            "pending": false,
            "code": "var postBody = {\n    'payment_method': 'LOCAL',\n    'bank_country_code': 'CN',\n    'account_name': 'airwallex',\n    'account_number': '12345678',\n    'swift_code': 'ICBCCUBJ',\n    'bsb': '',\n    'aba': '',\n    };\nvar expectBody = {\"error\": \"the 5th and 6th character of swift code should match the bank country code\"};\nvar expectStatus = 400;\npostBank(postBody, expectBody, expectStatus, done);",
            "err": {
              "message": "AssertionError: expected 200 to equal 400",
              "estack": "AssertionError: expected 200 to equal 400\n    at Test.<anonymous> (test\\saveBank.test.js:9:25)\n    at Test.assert (node_modules\\supertest\\lib\\test.js:181:6)\n    at localAssert (node_modules\\supertest\\lib\\test.js:131:12)\n    at D:\\study\\mocha\\airwallex\\node_modules\\supertest\\lib\\test.js:128:5\n    at Test.Request.callback (node_modules\\superagent\\lib\\node\\index.js:716:12)\n    at parser (node_modules\\superagent\\lib\\node\\index.js:916:18)\n    at IncomingMessage.res.on (node_modules\\superagent\\lib\\node\\parsers\\json.js:19:7)\n    at endReadableNT (_stream_readable.js:1125:12)\n    at process._tickCallback (internal/process/next_tick.js:63:19)",
              "diff": "- 200\n+ 400\n"
            },
            "isRoot": false,
            "uuid": "fc5c8c1d-6c94-4daa-8d25-180d459a4c52",
            "isHook": false,
            "skipped": false
          },
          {
            "title": "TC005 - 006 - swift_code - swift code should be either 8 or 11 characters - length 9 - 400",
            "fullTitle": "check swift_code TC005 - 006 - swift_code - swift code should be either 8 or 11 characters - length 9 - 400",
            "timedOut": false,
            "duration": 0,
            "state": "failed",
            "pass": false,
            "fail": true,
            "pending": false,
            "code": "var postBody = {\n    'payment_method': 'LOCAL',\n    'bank_country_code': 'CN',\n    'account_name': 'airwallex',\n    'account_number': '12345678',\n    'swift_code': 'ICBCCNBJU',\n    'bsb': '',\n    'aba': '',\n    };\nvar expectBody = {\"error\": \"Length of swift_code should be 8 or 11\"};\nvar expectStatus = 400;\npostBank(postBody, expectBody, expectStatus, done);",
            "err": {
              "message": "AssertionError: expected 200 to equal 400",
              "estack": "AssertionError: expected 200 to equal 400\n    at Test.<anonymous> (test\\saveBank.test.js:9:25)\n    at Test.assert (node_modules\\supertest\\lib\\test.js:181:6)\n    at localAssert (node_modules\\supertest\\lib\\test.js:131:12)\n    at D:\\study\\mocha\\airwallex\\node_modules\\supertest\\lib\\test.js:128:5\n    at Test.Request.callback (node_modules\\superagent\\lib\\node\\index.js:716:12)\n    at parser (node_modules\\superagent\\lib\\node\\index.js:916:18)\n    at IncomingMessage.res.on (node_modules\\superagent\\lib\\node\\parsers\\json.js:19:7)\n    at endReadableNT (_stream_readable.js:1125:12)\n    at process._tickCallback (internal/process/next_tick.js:63:19)",
              "diff": "- 200\n+ 400\n"
            },
            "isRoot": false,
            "uuid": "699ce986-5d8f-4f4e-bdea-d392b45a897c",
            "isHook": false,
            "skipped": false
          },
          {
            "title": "TC005 - 007 - swift_code - swift code should be either 8 or 11 characters - length 10 - 400",
            "fullTitle": "check swift_code TC005 - 007 - swift_code - swift code should be either 8 or 11 characters - length 10 - 400",
            "timedOut": false,
            "duration": 0,
            "state": "failed",
            "pass": false,
            "fail": true,
            "pending": false,
            "code": "var postBody = {\n    'payment_method': 'LOCAL',\n    'bank_country_code': 'CN',\n    'account_name': 'airwallex',\n    'account_number': '12345678',\n    'swift_code': 'ICBCCNBJUP',\n    'bsb': '',\n    'aba': '',\n    };\nvar expectBody = {\"error\": \"Length of swift_code should be 8 or 11\"};\nvar expectStatus = 400;\npostBank(postBody, expectBody, expectStatus, done);",
            "err": {
              "message": "AssertionError: expected 200 to equal 400",
              "estack": "AssertionError: expected 200 to equal 400\n    at Test.<anonymous> (test\\saveBank.test.js:9:25)\n    at Test.assert (node_modules\\supertest\\lib\\test.js:181:6)\n    at localAssert (node_modules\\supertest\\lib\\test.js:131:12)\n    at D:\\study\\mocha\\airwallex\\node_modules\\supertest\\lib\\test.js:128:5\n    at Test.Request.callback (node_modules\\superagent\\lib\\node\\index.js:716:12)\n    at parser (node_modules\\superagent\\lib\\node\\index.js:916:18)\n    at IncomingMessage.res.on (node_modules\\superagent\\lib\\node\\parsers\\json.js:19:7)\n    at endReadableNT (_stream_readable.js:1125:12)\n    at process._tickCallback (internal/process/next_tick.js:63:19)",
              "diff": "- 200\n+ 400\n"
            },
            "isRoot": false,
            "uuid": "1fc3f649-9927-4cb1-86cf-6a9048659e58",
            "isHook": false,
            "skipped": false
          },
          {
            "title": "TC005 - 008 - swift_code - the 5th and 6th character of swift code should match the bank country code - length 11, match country code in 5th-6th, contains special character - 200",
            "fullTitle": "check swift_code TC005 - 008 - swift_code - the 5th and 6th character of swift code should match the bank country code - length 11, match country code in 5th-6th, contains special character - 200",
            "timedOut": false,
            "duration": 358,
            "state": "passed",
            "speed": "slow",
            "pass": true,
            "fail": false,
            "pending": false,
            "code": "var postBody = {\n    'payment_method': 'LOCAL',\n    'bank_country_code': 'CN',\n    'account_name': 'airwallex',\n    'account_number': '12345678',\n    'swift_code': 'ICBCCNBJUI$',\n    'bsb': '',\n    'aba': '',\n    };\nvar expectBody =  {'success': 'Bank details saved'};\nvar expectStatus = 200;\npostBank(postBody, expectBody, expectStatus, done);",
            "err": {},
            "isRoot": false,
            "uuid": "5e1ce06d-c4c4-46ce-8583-30d066ec8e44",
            "isHook": false,
            "skipped": false
          },
          {
            "title": "TC005 - 009 - swift_code - the 5th and 6th character of swift code should match the bank country code - length 11, any other in 5th-6th - 400",
            "fullTitle": "check swift_code TC005 - 009 - swift_code - the 5th and 6th character of swift code should match the bank country code - length 11, any other in 5th-6th - 400",
            "timedOut": false,
            "duration": 0,
            "state": "failed",
            "pass": false,
            "fail": true,
            "pending": false,
            "code": "var postBody = {\n    'payment_method': 'LOCAL',\n    'bank_country_code': 'CN',\n    'account_name': 'airwallex',\n    'account_number': '12345678',\n    'swift_code': 'ICBCCUBJABC',\n    'bsb': '',\n    'aba': '',\n    };\nvar expectBody = {\"error\": \"the 5th and 6th character of swift code should match the bank country code\"};\nvar expectStatus = 400;\npostBank(postBody, expectBody, expectStatus, done);",
            "err": {
              "message": "AssertionError: expected 200 to equal 400",
              "estack": "AssertionError: expected 200 to equal 400\n    at Test.<anonymous> (test\\saveBank.test.js:9:25)\n    at Test.assert (node_modules\\supertest\\lib\\test.js:181:6)\n    at localAssert (node_modules\\supertest\\lib\\test.js:131:12)\n    at D:\\study\\mocha\\airwallex\\node_modules\\supertest\\lib\\test.js:128:5\n    at Test.Request.callback (node_modules\\superagent\\lib\\node\\index.js:716:12)\n    at parser (node_modules\\superagent\\lib\\node\\index.js:916:18)\n    at IncomingMessage.res.on (node_modules\\superagent\\lib\\node\\parsers\\json.js:19:7)\n    at endReadableNT (_stream_readable.js:1125:12)\n    at process._tickCallback (internal/process/next_tick.js:63:19)",
              "diff": "- 200\n+ 400\n"
            },
            "isRoot": false,
            "uuid": "9ce007ba-ed66-4704-89ec-847d39242b6b",
            "isHook": false,
            "skipped": false
          },
          {
            "title": "TC005 - 010 - swift_code - swift code should be either 8 or 11 characters - length 12 - 400",
            "fullTitle": "check swift_code TC005 - 010 - swift_code - swift code should be either 8 or 11 characters - length 12 - 400",
            "timedOut": false,
            "duration": 0,
            "state": "failed",
            "pass": false,
            "fail": true,
            "pending": false,
            "code": "var postBody = {\n    'payment_method': 'LOCAL',\n    'bank_country_code': 'CN',\n    'account_name': 'airwallex',\n    'account_number': '12345678',\n    'swift_code': 'ICBCCNBJABCD',\n    'bsb': '',\n    'aba': '',\n    };\nvar expectBody = {\"error\": \"Length of swift_code should be 8 or 11\"};\nvar expectStatus = 400;\npostBank(postBody, expectBody, expectStatus, done);",
            "err": {
              "message": "AssertionError: expected 200 to equal 400",
              "estack": "AssertionError: expected 200 to equal 400\n    at Test.<anonymous> (test\\saveBank.test.js:9:25)\n    at Test.assert (node_modules\\supertest\\lib\\test.js:181:6)\n    at localAssert (node_modules\\supertest\\lib\\test.js:131:12)\n    at D:\\study\\mocha\\airwallex\\node_modules\\supertest\\lib\\test.js:128:5\n    at Test.Request.callback (node_modules\\superagent\\lib\\node\\index.js:716:12)\n    at parser (node_modules\\superagent\\lib\\node\\index.js:916:18)\n    at IncomingMessage.res.on (node_modules\\superagent\\lib\\node\\parsers\\json.js:19:7)\n    at endReadableNT (_stream_readable.js:1125:12)\n    at process._tickCallback (internal/process/next_tick.js:63:19)",
              "diff": "- 200\n+ 400\n"
            },
            "isRoot": false,
            "uuid": "d1e77ddd-fb6a-469a-bdfc-82276ef48f4b",
            "isHook": false,
            "skipped": false
          }
        ],
        "suites": [],
        "passes": [
          "771a4783-39f7-4e8e-a1ca-c69d7d84ed14",
          "40e289d6-d39b-4c20-b84d-7e570f692eb8",
          "fbe437e4-8350-4da2-93e7-e82a924fd114",
          "5e1ce06d-c4c4-46ce-8583-30d066ec8e44"
        ],
        "failures": [
          "272c0b74-255f-4ad7-849f-f9ad7bb327bf",
          "fc5c8c1d-6c94-4daa-8d25-180d459a4c52",
          "699ce986-5d8f-4f4e-bdea-d392b45a897c",
          "1fc3f649-9927-4cb1-86cf-6a9048659e58",
          "9ce007ba-ed66-4704-89ec-847d39242b6b",
          "d1e77ddd-fb6a-469a-bdfc-82276ef48f4b"
        ],
        "pending": [],
        "skipped": [],
        "duration": null,
        "root": false,
        "rootEmpty": false,
        "_timeout": 3000
      },
      {
        "uuid": "1b3854cf-df0e-4216-9e01-beabf6cd2efe",
        "title": "check bsb",
        "fullFile": "D:\\study\\mocha\\airwallex\\test\\saveBank.test.js",
        "file": "\\test\\saveBank.test.js",
        "beforeHooks": [],
        "afterHooks": [],
        "tests": [
          {
            "title": "TC006 - 001 - bsb - mandatory when bank country is AU - for AU, null - 400",
            "fullTitle": "check bsb TC006 - 001 - bsb - mandatory when bank country is AU - for AU, null - 400",
            "timedOut": false,
            "duration": 370,
            "state": "passed",
            "speed": "slow",
            "pass": true,
            "fail": false,
            "pending": false,
            "code": "var postBody = {\n    'payment_method': 'LOCAL',\n    'bank_country_code': 'AU',\n    'account_name': 'airwallex',\n    'account_number': '12345678',\n    'swift_code': 'ICBCCNBJ',\n    'bsb': '',\n    'aba': '',\n    };\nvar expectBody = {\"error\": \"'bsb' is required when bank country code is 'AU'\"};\nvar expectStatus = 400;\npostBank(postBody, expectBody, expectStatus, done);",
            "err": {},
            "isRoot": false,
            "uuid": "23fb11ed-f538-4732-924e-7ac54881f380",
            "isHook": false,
            "skipped": false
          },
          {
            "title": "TC006 - 002 - bsb - mandatory when bank country is AU - for AU, length 6,contains special character - 200",
            "fullTitle": "check bsb TC006 - 002 - bsb - mandatory when bank country is AU - for AU, length 6,contains special character - 200",
            "timedOut": false,
            "duration": 425,
            "state": "passed",
            "speed": "slow",
            "pass": true,
            "fail": false,
            "pending": false,
            "code": "var postBody = {\n    'payment_method': 'LOCAL',\n    'bank_country_code': 'AU',\n    'account_name': 'airwallex',\n    'account_number': '12345678',\n    'swift_code': 'ICBCCNBJ',\n    'bsb': 'ABCDE$',\n    'aba': '',\n    };\nvar expectBody =  {'success': 'Bank details saved'};\nvar expectStatus = 200;\npostBank(postBody, expectBody, expectStatus, done);",
            "err": {},
            "isRoot": false,
            "uuid": "2df6bafe-2a83-420f-b4f8-7dc207e81961",
            "isHook": false,
            "skipped": false
          },
          {
            "title": "TC006 - 003 - bsb - mandatory when bank country is AU - for other country, null - 200",
            "fullTitle": "check bsb TC006 - 003 - bsb - mandatory when bank country is AU - for other country, null - 200",
            "timedOut": false,
            "duration": 364,
            "state": "passed",
            "speed": "slow",
            "pass": true,
            "fail": false,
            "pending": false,
            "code": "var postBody = {\n    'payment_method': 'LOCAL',\n    'bank_country_code': 'CN',\n    'account_name': 'airwallex',\n    'account_number': '12345678',\n    'swift_code': 'ICBCCNBJ',\n    'bsb': '',\n    'aba': '',\n    };\nvar expectBody =  {'success': 'Bank details saved'};\nvar expectStatus = 200;\npostBank(postBody, expectBody, expectStatus, done);",
            "err": {},
            "isRoot": false,
            "uuid": "57437265-979e-49d4-8f6d-23960dd71bdb",
            "isHook": false,
            "skipped": false
          },
          {
            "title": "TC006 - 004 - bsb - 6 characters - length 5 - 400",
            "fullTitle": "check bsb TC006 - 004 - bsb - 6 characters - length 5 - 400",
            "timedOut": false,
            "duration": 355,
            "state": "passed",
            "speed": "slow",
            "pass": true,
            "fail": false,
            "pending": false,
            "code": "var postBody = {\n    'payment_method': 'LOCAL',\n    'bank_country_code': 'AU',\n    'account_name': 'airwallex',\n    'account_number': '12345678',\n    'swift_code': 'ICBCCNBJ',\n    'bsb': 'ABCDE',\n    'aba': '',\n    };\nvar expectBody = {\"error\": \"Length of 'bsb' should be 6\"};\nvar expectStatus = 400;\npostBank(postBody, expectBody, expectStatus, done);",
            "err": {},
            "isRoot": false,
            "uuid": "13cb8673-8ddb-4ae6-a625-a52bbcf4281a",
            "isHook": false,
            "skipped": false
          },
          {
            "title": "TC006 - 005 - bsb - 6 characters - length 6 - 200",
            "fullTitle": "check bsb TC006 - 005 - bsb - 6 characters - length 6 - 200",
            "timedOut": false,
            "duration": 399,
            "state": "passed",
            "speed": "slow",
            "pass": true,
            "fail": false,
            "pending": false,
            "code": "var postBody = {\n    'payment_method': 'LOCAL',\n    'bank_country_code': 'AU',\n    'account_name': 'airwallex',\n    'account_number': '12345678',\n    'swift_code': 'ICBCCNBJ',\n    'bsb': 'ABCDEF',\n    'aba': '',\n    };\nvar expectBody =  {'success': 'Bank details saved'};\nvar expectStatus = 200;\npostBank(postBody, expectBody, expectStatus, done);",
            "err": {},
            "isRoot": false,
            "uuid": "d92c7d66-0b3a-4339-99a2-802ad301f87f",
            "isHook": false,
            "skipped": false
          },
          {
            "title": "TC006 - 006 - bsb - 6 characters - length 7 - 400",
            "fullTitle": "check bsb TC006 - 006 - bsb - 6 characters - length 7 - 400",
            "timedOut": false,
            "duration": 350,
            "state": "passed",
            "speed": "slow",
            "pass": true,
            "fail": false,
            "pending": false,
            "code": "var postBody = {\n    'payment_method': 'LOCAL',\n    'bank_country_code': 'AU',\n    'account_name': 'airwallex',\n    'account_number': '12345678',\n    'swift_code': 'ICBCCNBJ',\n    'bsb': 'ABCDEFG',\n    'aba': '',\n    };\nvar expectBody = {\"error\": \"Length of 'bsb' should be 6\"};\nvar expectStatus = 400;\npostBank(postBody, expectBody, expectStatus, done);",
            "err": {},
            "isRoot": false,
            "uuid": "b1ed6cbb-f3dd-4ada-b10a-d06ee27263e6",
            "isHook": false,
            "skipped": false
          }
        ],
        "suites": [],
        "passes": [
          "23fb11ed-f538-4732-924e-7ac54881f380",
          "2df6bafe-2a83-420f-b4f8-7dc207e81961",
          "57437265-979e-49d4-8f6d-23960dd71bdb",
          "13cb8673-8ddb-4ae6-a625-a52bbcf4281a",
          "d92c7d66-0b3a-4339-99a2-802ad301f87f",
          "b1ed6cbb-f3dd-4ada-b10a-d06ee27263e6"
        ],
        "failures": [],
        "pending": [],
        "skipped": [],
        "duration": 2263,
        "root": false,
        "rootEmpty": false,
        "_timeout": 3000
      },
      {
        "uuid": "6a78116a-b38a-4bfd-889a-2207284b893e",
        "title": "check bsb",
        "fullFile": "D:\\study\\mocha\\airwallex\\test\\saveBank.test.js",
        "file": "\\test\\saveBank.test.js",
        "beforeHooks": [],
        "afterHooks": [],
        "tests": [
          {
            "title": "TC007 - 001 - aba - mandatory when bank country is US - for US, null - 400",
            "fullTitle": "check bsb TC007 - 001 - aba - mandatory when bank country is US - for US, null - 400",
            "timedOut": false,
            "duration": 0,
            "state": "failed",
            "pass": false,
            "fail": true,
            "pending": false,
            "code": "var postBody = {\n    'payment_method': 'LOCAL',\n    'bank_country_code': 'US',\n    'account_name': 'airwallex',\n    'account_number': '12345678',\n    'swift_code': 'ICBCCNBJ',\n    'bsb': '',\n    'aba': '',\n    };\nvar expectBody = {\"error\": \"'aba' is required when bank country code is 'AU'\"};\nvar expectStatus = 400;\npostBank(postBody, expectBody, expectStatus, done);",
            "err": {
              "message": "AssertionError: expected 200 to equal 400",
              "estack": "AssertionError: expected 200 to equal 400\n    at Test.<anonymous> (test\\saveBank.test.js:9:25)\n    at Test.assert (node_modules\\supertest\\lib\\test.js:181:6)\n    at localAssert (node_modules\\supertest\\lib\\test.js:131:12)\n    at D:\\study\\mocha\\airwallex\\node_modules\\supertest\\lib\\test.js:128:5\n    at Test.Request.callback (node_modules\\superagent\\lib\\node\\index.js:716:12)\n    at parser (node_modules\\superagent\\lib\\node\\index.js:916:18)\n    at IncomingMessage.res.on (node_modules\\superagent\\lib\\node\\parsers\\json.js:19:7)\n    at endReadableNT (_stream_readable.js:1125:12)\n    at process._tickCallback (internal/process/next_tick.js:63:19)",
              "diff": "- 200\n+ 400\n"
            },
            "isRoot": false,
            "uuid": "ed15f8bd-3aad-4690-b5d7-a9896f3b6f28",
            "isHook": false,
            "skipped": false
          },
          {
            "title": "TC007 - 002 - aba - mandatory when bank country is US - for US, length 9, contains special character - 200",
            "fullTitle": "check bsb TC007 - 002 - aba - mandatory when bank country is US - for US, length 9, contains special character - 200",
            "timedOut": false,
            "duration": 391,
            "state": "passed",
            "speed": "slow",
            "pass": true,
            "fail": false,
            "pending": false,
            "code": "var postBody = {\n    'payment_method': 'LOCAL',\n    'bank_country_code': 'US',\n    'account_name': 'airwallex',\n    'account_number': '12345678',\n    'swift_code': 'ICBCCNBJ',\n    'bsb': '',\n    'aba': 'ABCDEFGH$',\n    };\nvar expectBody =  {'success': 'Bank details saved'};\nvar expectStatus = 200;\npostBank(postBody, expectBody, expectStatus, done);",
            "err": {},
            "isRoot": false,
            "uuid": "471af5ef-417d-42ba-b402-62b0b9960285",
            "isHook": false,
            "skipped": false
          },
          {
            "title": "TC007 - 003 - aba - mandatory when bank country is US - for other country, null - 200",
            "fullTitle": "check bsb TC007 - 003 - aba - mandatory when bank country is US - for other country, null - 200",
            "timedOut": false,
            "duration": 351,
            "state": "passed",
            "speed": "slow",
            "pass": true,
            "fail": false,
            "pending": false,
            "code": "var postBody = {\n    'payment_method': 'LOCAL',\n    'bank_country_code': 'CN',\n    'account_name': 'airwallex',\n    'account_number': '12345678',\n    'swift_code': 'ICBCCNBJ',\n    'bsb': '',\n    'aba': '',\n    };\nvar expectBody =  {'success': 'Bank details saved'};\nvar expectStatus = 200;\npostBank(postBody, expectBody, expectStatus, done);",
            "err": {},
            "isRoot": false,
            "uuid": "56720bd9-3c64-4687-b8ad-b1b678f65d88",
            "isHook": false,
            "skipped": false
          },
          {
            "title": "TC007 - 004 - aba - 9 characters - length 8 - 400",
            "fullTitle": "check bsb TC007 - 004 - aba - 9 characters - length 8 - 400",
            "timedOut": false,
            "duration": 363,
            "state": "passed",
            "speed": "slow",
            "pass": true,
            "fail": false,
            "pending": false,
            "code": "var postBody = {\n    'payment_method': 'LOCAL',\n    'bank_country_code': 'US',\n    'account_name': 'airwallex',\n    'account_number': '12345678',\n    'swift_code': 'ICBCCNBJ',\n    'bsb': '',\n    'aba': 'ABCDEFGH',\n    };\nvar expectBody = {\"error\": \"Length of 'aba' should be 9\"};\nvar expectStatus = 400;\npostBank(postBody, expectBody, expectStatus, done);",
            "err": {},
            "isRoot": false,
            "uuid": "15e68043-0b45-49c7-987a-0e78a5e1b526",
            "isHook": false,
            "skipped": false
          },
          {
            "title": "TC007 - 005 - aba - 9 characters - length 9 - 200",
            "fullTitle": "check bsb TC007 - 005 - aba - 9 characters - length 9 - 200",
            "timedOut": false,
            "duration": 428,
            "state": "passed",
            "speed": "slow",
            "pass": true,
            "fail": false,
            "pending": false,
            "code": "var postBody = {\n    'payment_method': 'LOCAL',\n    'bank_country_code': 'US',\n    'account_name': 'airwallex',\n    'account_number': '12345678',\n    'swift_code': 'ICBCCNBJ',\n    'bsb': '',\n    'aba': 'ABCDEFGHI',\n    };\nvar expectBody =  {'success': 'Bank details saved'};\nvar expectStatus = 200;\npostBank(postBody, expectBody, expectStatus, done);",
            "err": {},
            "isRoot": false,
            "uuid": "586a4ff3-c4bb-4ff5-894b-953eeb48a8b3",
            "isHook": false,
            "skipped": false
          },
          {
            "title": "TC007 - 006 - aba - 9 characters - length 10 - 400",
            "fullTitle": "check bsb TC007 - 006 - aba - 9 characters - length 10 - 400",
            "timedOut": false,
            "duration": 363,
            "state": "passed",
            "speed": "slow",
            "pass": true,
            "fail": false,
            "pending": false,
            "code": "var postBody = {\n    'payment_method': 'LOCAL',\n    'bank_country_code': 'US',\n    'account_name': 'airwallex',\n    'account_number': '12345678',\n    'swift_code': 'ICBCCNBJ',\n    'bsb': '',\n    'aba': 'ABCDEFGHIJ',\n    };\nvar expectBody = {\"error\": \"Length of 'aba' should be 9\"};\nvar expectStatus = 400;\npostBank(postBody, expectBody, expectStatus, done);",
            "err": {},
            "isRoot": false,
            "uuid": "31e36786-9f75-4038-adb3-6865f138fc72",
            "isHook": false,
            "skipped": false
          }
        ],
        "suites": [],
        "passes": [
          "471af5ef-417d-42ba-b402-62b0b9960285",
          "56720bd9-3c64-4687-b8ad-b1b678f65d88",
          "15e68043-0b45-49c7-987a-0e78a5e1b526",
          "586a4ff3-c4bb-4ff5-894b-953eeb48a8b3",
          "31e36786-9f75-4038-adb3-6865f138fc72"
        ],
        "failures": [
          "ed15f8bd-3aad-4690-b5d7-a9896f3b6f28"
        ],
        "pending": [],
        "skipped": [],
        "duration": null,
        "root": false,
        "rootEmpty": false,
        "_timeout": 3000
      }
    ],
    "passes": [],
    "failures": [],
    "pending": [],
    "skipped": [],
    "duration": 0,
    "root": true,
    "rootEmpty": true,
    "_timeout": 2000
  },
  "copyrightYear": 2019
}